{"C:\\Workspace\\lib-markdown\\index.js": {"path":"C:\\Workspace\\lib-markdown\\index.js","statementMap":{"0":{"start":{"line":5,"column":16},"end":{"line":5,"column":63}},"1":{"start":{"line":6,"column":23},"end":{"line":6,"column":25}},"2":{"start":{"line":9,"column":2},"end":{"line":11,"column":3}},"3":{"start":{"line":10,"column":4},"end":{"line":10,"column":46}},"4":{"start":{"line":12,"column":2},"end":{"line":12,"column":72}},"5":{"start":{"line":16,"column":2},"end":{"line":16,"column":71}},"6":{"start":{"line":20,"column":2},"end":{"line":28,"column":3}},"7":{"start":{"line":21,"column":21},"end":{"line":21,"column":28}},"8":{"start":{"line":22,"column":17},"end":{"line":22,"column":63}},"9":{"start":{"line":23,"column":4},"end":{"line":23,"column":25}},"10":{"start":{"line":25,"column":4},"end":{"line":25,"column":21}},"11":{"start":{"line":27,"column":4},"end":{"line":27,"column":43}}},"fnMap":{"0":{"name":"getLink","decl":{"start":{"line":4,"column":9},"end":{"line":4,"column":16}},"loc":{"start":{"line":4,"column":23},"end":{"line":13,"column":1}},"line":4},"1":{"name":"handleError","decl":{"start":{"line":15,"column":9},"end":{"line":15,"column":20}},"loc":{"start":{"line":15,"column":26},"end":{"line":17,"column":1}},"line":15},"2":{"name":"getFile","decl":{"start":{"line":19,"column":30},"end":{"line":19,"column":37}},"loc":{"start":{"line":19,"column":48},"end":{"line":29,"column":1}},"line":19}},"branchMap":{"0":{"loc":{"start":{"line":12,"column":9},"end":{"line":12,"column":71}},"type":"cond-expr","locations":[{"start":{"line":12,"column":37},"end":{"line":12,"column":56}},{"start":{"line":12,"column":59},"end":{"line":12,"column":71}}],"line":12}},"s":{"0":0,"1":0,"2":0,"3":0,"4":0,"5":0,"6":0,"7":0,"8":0,"9":0,"10":0,"11":0},"f":{"0":0,"1":0,"2":0},"b":{"0":[0,0]},"_coverageSchema":"1a1c01bbd47fc00a2c39e90264f33305004495a9","hash":"451b8967d9e034d5e574bb1025adbbd0e17e4622"}
}
